<?xml version="1.0" encoding="UTF-8"?>
<testsuite xmlns:xsi="http://www.w3.org/2001/XMLSchema-instance" xsi:noNamespaceSchemaLocation="https://maven.apache.org/surefire/maven-surefire-plugin/xsd/surefire-test-report.xsd" name="com.editor.command.CommandParserTest" time="0.08" tests="5" errors="0" skipped="0" failures="0">
  <properties>
[...]
</properties>
  <testcase name="testAppendCommand" classname="com.editor.command.CommandParserTest" time="0.064"/>
  <testcase name="testLoadCommand" classname="com.editor.command.CommandParserTest" time="0.004"/>
  <testcase name="testEditorListCommand" classname="com.editor.command.CommandParserTest" time="0.004"/>
  <testcase name="testShowCommand" classname="com.editor.command.CommandParserTest" time="0.004"/>
  <testcase name="testUndoRedoCommand" classname="com.editor.command.CommandParserTest" time="0.004"/>
</testsuite>